<?xml version="1.0" encoding="UTF-8"?>
<!-- Generated by org.testng.reporters.JUnitReportReporter -->
<testsuite hostname="DESKTOP-4UBTV8V" failures="0" tests="1" name="pages.FlipKart" time="46.183" errors="0" timestamp="2021-12-14T15:12:21 IST" skipped="0">
  <testcase classname="pages.FlipKart" name="mobileOrder" time="46.183"/>
  <system-out/>
</testsuite> <!-- pages.FlipKart -->
