<?xml version="1.0" encoding="UTF-8"?>
<!-- Generated by org.testng.reporters.JUnitReportReporter -->
<testsuite hostname="DESKTOP-4UBTV8V" failures="0" tests="1" name="pages.RemoveItem" time="27.717" errors="0" timestamp="2021-12-14T15:13:13 IST" skipped="0">
  <testcase classname="pages.RemoveItem" name="removeCart" time="27.717"/>
  <system-out/>
</testsuite> <!-- pages.RemoveItem -->
